<?xml version="1.0" encoding="UTF-8"?>
<!-- Generated by org.testng.reporters.JUnitReportReporter -->
<testsuite hostname="MAVBCP3038" failures="0" tests="1" name="mavenseleniumproject.HandlingAlert" time="13.976" errors="0" timestamp="2021-09-23T15:17:17 IST" skipped="0">
  <testcase classname="mavenseleniumproject.HandlingAlert" name="handle" time="13.976"/>
  <system-out/>
</testsuite> <!-- mavenseleniumproject.HandlingAlert -->
