<?xml version="1.0" encoding="UTF-8"?>
<!-- Generated by org.testng.reporters.JUnitReportReporter -->
<testsuite hostname="MAVBCP3038" failures="0" tests="2" name="mavenseleniumproject.CrossBrowser" time="40.064" errors="0" timestamp="2021-09-23T11:41:32 IST" skipped="0">
  <testcase classname="mavenseleniumproject.CrossBrowser" name="testParameterWithXML" time="19.998"/>
  <system-out/>
  <testcase classname="mavenseleniumproject.CrossBrowser" name="testParameterWithXML" time="20.066"/>
  <system-out/>
</testsuite> <!-- mavenseleniumproject.CrossBrowser -->
