<?xml version="1.0" encoding="UTF-8"?>
<!-- Generated by org.testng.reporters.JUnitReportReporter -->
<testsuite hostname="MAVBCP3038" failures="0" tests="2" name="mavenseleniumproject.RecorderScript" time="47.676" errors="0" timestamp="2021-09-28T10:54:38 IST" skipped="0">
  <testcase classname="mavenseleniumproject.RecorderScript" name="testParameterWithXML" time="25.419"/>
  <system-out/>
  <testcase classname="mavenseleniumproject.RecorderScript" name="testParameterWithXML" time="22.257"/>
  <system-out/>
</testsuite> <!-- mavenseleniumproject.RecorderScript -->
