<?xml version="1.0" encoding="UTF-8"?>
<!-- Generated by org.testng.reporters.JUnitReportReporter -->
<testsuite skipped="0" hostname="MAVBCP3038" name="mavenseleniumproject.ParallelTest" tests="2" failures="0" timestamp="2021-10-01T15:23:14 IST" time="4.995" errors="0">
  <testcase name="login_TestCase" time="3.716" classname="mavenseleniumproject.ParallelTest"/>
  <system-out/>
  <testcase name="search_TestCase" time="1.279" classname="mavenseleniumproject.ParallelTest"/>
  <system-out/>
</testsuite> <!-- mavenseleniumproject.ParallelTest -->
