<?xml version="1.0" encoding="UTF-8"?>
<!-- Generated by org.testng.reporters.JUnitReportReporter -->
<testsuite hostname="MAVBCP3038" failures="0" tests="2" name="mavenseleniumproject.login" time="188.357" errors="0" timestamp="2021-09-25T11:29:12 IST" skipped="0">
  <testcase classname="mavenseleniumproject.login" name="testParameterWithXML" time="95.951"/>
  <system-out/>
  <testcase classname="mavenseleniumproject.login" name="testParameterWithXML" time="92.406"/>
  <system-out/>
</testsuite> <!-- mavenseleniumproject.login -->
