<?xml version="1.0" encoding="UTF-8"?>
<!-- Generated by org.testng.reporters.JUnitReportReporter -->
<testsuite skipped="0" hostname="MAVBCP3038" name="mavenseleniumproject.JavaSE_Test" tests="1" failures="0" timestamp="2021-10-01T14:18:08 IST" time="18.948" errors="0">
  <testcase name="Login" time="18.948" classname="mavenseleniumproject.JavaSE_Test"/>
  <system-out/>
</testsuite> <!-- mavenseleniumproject.JavaSE_Test -->
