<?xml version="1.0" encoding="UTF-8"?>
<!-- Generated by org.testng.reporters.JUnitReportReporter -->
<testsuite skipped="0" hostname="MAVBCP3038" name="mavenseleniumproject.Excelhandlings" tests="1" failures="0" timestamp="2021-09-30T14:34:31 IST" time="0.039" errors="0">
  <testcase name="testAut" time="0.039" classname="mavenseleniumproject.Excelhandlings"/>
  <system-out/>
</testsuite> <!-- mavenseleniumproject.Excelhandlings -->
