<?xml version="1.0" encoding="UTF-8"?>
<!-- Generated by org.testng.reporters.JUnitReportReporter -->
<testsuite skipped="0" hostname="MAVBCP3038" name="mavenseleniumproject.CrossBrowser" tests="2" failures="0" timestamp="2021-09-29T14:46:02 IST" time="34.164" errors="0">
  <testcase name="testParameterWithXML" time="16.239" classname="mavenseleniumproject.CrossBrowser"/>
  <system-out/>
  <testcase name="testParameterWithXML" time="17.925" classname="mavenseleniumproject.CrossBrowser"/>
  <system-out/>
</testsuite> <!-- mavenseleniumproject.CrossBrowser -->
