<?xml version="1.0" encoding="UTF-8"?>
<!-- Generated by org.testng.reporters.JUnitReportReporter -->
<testsuite skipped="0" hostname="MAVBCP3038" name="mavenseleniumproject.DataManagement" tests="2" failures="0" timestamp="2021-10-03T15:28:00 IST" time="73.354" errors="0">
  <testcase name="Ether" time="32.282" classname="mavenseleniumproject.DataManagement"/>
  <system-out/>
  <testcase name="Ether" time="41.072" classname="mavenseleniumproject.DataManagement"/>
  <system-out/>
</testsuite> <!-- mavenseleniumproject.DataManagement -->
