<?xml version="1.0" encoding="UTF-8"?>
<!-- Generated by org.testng.reporters.JUnitReportReporter -->
<testsuite skipped="0" hostname="MAVBCP3038" name="mavenseleniumproject.parallelTest" tests="4" failures="0" timestamp="2021-10-03T14:59:50 IST" time="84.615" errors="0">
  <testcase name="login_Testcase" time="10.348" classname="mavenseleniumproject.parallelTest"/>
  <system-out/>
  <testcase name="login_Testcase" time="9.345" classname="mavenseleniumproject.parallelTest"/>
  <system-out/>
  <testcase name="search_Testcase" time="30.895" classname="mavenseleniumproject.parallelTest"/>
  <system-out/>
  <testcase name="search_Testcase" time="34.027" classname="mavenseleniumproject.parallelTest"/>
  <system-out/>
</testsuite> <!-- mavenseleniumproject.parallelTest -->
